<?xml version="1.0" encoding="UTF-8"?>
<testng-results ignored="0" total="2" passed="2" failed="0" skipped="0">
  <reporter-output>
  </reporter-output>
  <suite started-at="2023-09-20T23:47:19 IST" name="Suite" finished-at="2023-09-20T23:47:35 IST" duration-ms="15907">
    <groups>
    </groups>
    <test started-at="2023-09-20T23:47:19 IST" name="Test" finished-at="2023-09-20T23:47:35 IST" duration-ms="15907">
      <class name="testCases.LoginTest">
        <test-method is-config="true" signature="setupBrowser()[pri:0, instance:testCases.LoginTest@41005828]" started-at="2023-09-20T23:47:20 IST" name="setupBrowser" finished-at="2023-09-20T23:47:31 IST" duration-ms="11206" status="PASS">
          <reporter-output>
          </reporter-output>
        </test-method> <!-- setupBrowser -->
        <test-method signature="loginToApplication(java.lang.String,java.lang.String)[pri:0, instance:testCases.LoginTest@41005828]" started-at="2023-09-20T23:47:31 IST" name="loginToApplication" data-provider="loginDetails" finished-at="2023-09-20T23:47:32 IST" duration-ms="418" status="PASS">
          <params>
            <param index="0">
              <value>
                <![CDATA[ineuron@ineuron.ai]]>
              </value>
            </param>
            <param index="1">
              <value>
                <![CDATA[ineuron]]>
              </value>
            </param>
          </params>
          <reporter-output>
          </reporter-output>
        </test-method> <!-- loginToApplication -->
        <test-method is-config="true" signature="closeBrowser()[pri:0, instance:testCases.LoginTest@41005828]" started-at="2023-09-20T23:47:32 IST" name="closeBrowser" finished-at="2023-09-20T23:47:32 IST" duration-ms="251" status="PASS">
          <reporter-output>
          </reporter-output>
        </test-method> <!-- closeBrowser -->
        <test-method is-config="true" signature="setupBrowser()[pri:0, instance:testCases.LoginTest@41005828]" started-at="2023-09-20T23:47:32 IST" name="setupBrowser" finished-at="2023-09-20T23:47:34 IST" duration-ms="2060" status="PASS">
          <reporter-output>
          </reporter-output>
        </test-method> <!-- setupBrowser -->
        <test-method signature="loginToApplication(java.lang.String,java.lang.String)[pri:0, instance:testCases.LoginTest@41005828]" started-at="2023-09-20T23:47:34 IST" name="loginToApplication" data-provider="loginDetails" finished-at="2023-09-20T23:47:35 IST" duration-ms="414" status="PASS">
          <params>
            <param index="0">
              <value>
                <![CDATA[admin@admin.com]]>
              </value>
            </param>
            <param index="1">
              <value>
                <![CDATA[admin]]>
              </value>
            </param>
          </params>
          <reporter-output>
          </reporter-output>
        </test-method> <!-- loginToApplication -->
        <test-method is-config="true" signature="closeBrowser()[pri:0, instance:testCases.LoginTest@41005828]" started-at="2023-09-20T23:47:35 IST" name="closeBrowser" finished-at="2023-09-20T23:47:35 IST" duration-ms="214" status="PASS">
          <reporter-output>
          </reporter-output>
        </test-method> <!-- closeBrowser -->
      </class> <!-- testCases.LoginTest -->
    </test> <!-- Test -->
  </suite> <!-- Suite -->
</testng-results>
