<?xml version="1.0" encoding="UTF-8"?>
<testsuite xmlns:xsi="http://www.w3.org/2001/XMLSchema-instance" xsi:noNamespaceSchemaLocation="https://maven.apache.org/surefire/maven-surefire-plugin/xsd/surefire-test-report-3.0.xsd" version="3.0" name="TestSuite" time="17.632" tests="2" errors="0" skipped="0" failures="0">
  <properties>
[...]
</properties>
  <testcase name="loginToApplication[ineuron@ineuron.ai, ineuron](1)" classname="testCases.LoginTest" time="0.619">
    <system-out><![CDATA[************ Loading Data From Excel *******************
ineuron@ineuron.ai
ineuron
admin@admin.com
admin
LOG:INFO - Setting up browser
LOG:INFO - Application is up and running
]]></system-out>
    <system-err><![CDATA[ERROR StatusLogger Log4j2 could not find a logging implementation. Please add log4j-core to the classpath. Using SimpleLogger to log to the console...
SLF4J: Failed to load class "org.slf4j.impl.StaticLoggerBinder".
SLF4J: Defaulting to no-operation (NOP) logger implementation
SLF4J: See http://www.slf4j.org/codes.html#StaticLoggerBinder for further details.
Sep 20, 2023 11:47:30 PM org.openqa.selenium.devtools.CdpVersionFinder findNearestMatch
WARNING: Unable to find an exact match for CDP version 116, so returning the closest version found: 115
]]></system-err>
  </testcase>
  <testcase name="loginToApplication[admin@admin.com, admin](2)" classname="testCases.LoginTest" time="0.612">
    <system-out><![CDATA[LOG:INFO - Closing the browser and application
LOG:INFO - Setting up browser
LOG:INFO - Application is up and running
]]></system-out>
    <system-err><![CDATA[Sep 20, 2023 11:47:33 PM org.openqa.selenium.devtools.CdpVersionFinder findNearestMatch
WARNING: Unable to find an exact match for CDP version 116, so returning the closest version found: 115
]]></system-err>
  </testcase>
</testsuite>