<?xml version="1.0" encoding="UTF-8"?>
<testng-results ignored="0" total="2" passed="2" failed="0" skipped="0">
  <reporter-output>
  </reporter-output>
  <suite started-at="2023-09-01T11:12:18 IST" name="Default suite" finished-at="2023-09-01T11:12:34 IST" duration-ms="15310">
    <groups>
    </groups>
    <test started-at="2023-09-01T11:12:18 IST" name="Default test" finished-at="2023-09-01T11:12:34 IST" duration-ms="15310">
      <class name="testCases.LoginTest">
        <test-method is-config="true" signature="setupBrowser()[pri:0, instance:testCases.LoginTest@71ba6d4e]" started-at="2023-09-01T11:12:20 IST" name="setupBrowser" finished-at="2023-09-01T11:12:27 IST" duration-ms="7869" status="PASS">
          <reporter-output>
          </reporter-output>
        </test-method> <!-- setupBrowser -->
        <test-method signature="loginToApplication(java.lang.String,java.lang.String)[pri:0, instance:testCases.LoginTest@71ba6d4e]" started-at="2023-09-01T11:12:27 IST" name="loginToApplication" data-provider="loginDetails" finished-at="2023-09-01T11:12:28 IST" duration-ms="474" status="PASS">
          <params>
            <param index="0">
              <value>
                <![CDATA[ineuron@ineuron.ai]]>
              </value>
            </param>
            <param index="1">
              <value>
                <![CDATA[ineuron]]>
              </value>
            </param>
          </params>
          <reporter-output>
          </reporter-output>
        </test-method> <!-- loginToApplication -->
        <test-method is-config="true" signature="closeBrowser()[pri:0, instance:testCases.LoginTest@71ba6d4e]" started-at="2023-09-01T11:12:28 IST" name="closeBrowser" finished-at="2023-09-01T11:12:28 IST" duration-ms="233" status="PASS">
          <reporter-output>
          </reporter-output>
        </test-method> <!-- closeBrowser -->
        <test-method is-config="true" signature="setupBrowser()[pri:0, instance:testCases.LoginTest@71ba6d4e]" started-at="2023-09-01T11:12:28 IST" name="setupBrowser" finished-at="2023-09-01T11:12:33 IST" duration-ms="4874" status="PASS">
          <reporter-output>
          </reporter-output>
        </test-method> <!-- setupBrowser -->
        <test-method signature="loginToApplication(java.lang.String,java.lang.String)[pri:0, instance:testCases.LoginTest@71ba6d4e]" started-at="2023-09-01T11:12:33 IST" name="loginToApplication" data-provider="loginDetails" finished-at="2023-09-01T11:12:33 IST" duration-ms="457" status="PASS">
          <params>
            <param index="0">
              <value>
                <![CDATA[admin@admin.com]]>
              </value>
            </param>
            <param index="1">
              <value>
                <![CDATA[admin]]>
              </value>
            </param>
          </params>
          <reporter-output>
          </reporter-output>
        </test-method> <!-- loginToApplication -->
        <test-method is-config="true" signature="closeBrowser()[pri:0, instance:testCases.LoginTest@71ba6d4e]" started-at="2023-09-01T11:12:33 IST" name="closeBrowser" finished-at="2023-09-01T11:12:34 IST" duration-ms="177" status="PASS">
          <reporter-output>
          </reporter-output>
        </test-method> <!-- closeBrowser -->
      </class> <!-- testCases.LoginTest -->
    </test> <!-- Default test -->
  </suite> <!-- Default suite -->
</testng-results>
