<?xml version="1.0" encoding="UTF-8"?>
<testng-results ignored="0" total="2" passed="2" failed="0" skipped="0">
  <reporter-output>
  </reporter-output>
  <suite started-at="2023-10-02T17:28:26 IST" name="Suite" finished-at="2023-10-02T17:28:45 IST" duration-ms="18934">
    <groups>
    </groups>
    <test started-at="2023-10-02T17:28:26 IST" name="Test" finished-at="2023-10-02T17:28:45 IST" duration-ms="18934">
      <class name="testCases.LoginTest">
        <test-method is-config="true" signature="setupBrowser()[pri:0, instance:testCases.LoginTest@8c3619e]" started-at="2023-10-02T17:28:27 IST" name="setupBrowser" finished-at="2023-10-02T17:28:41 IST" duration-ms="14421" status="PASS">
          <reporter-output>
          </reporter-output>
        </test-method> <!-- setupBrowser -->
        <test-method signature="loginToApplication(java.lang.String,java.lang.String)[pri:0, instance:testCases.LoginTest@8c3619e]" started-at="2023-10-02T17:28:41 IST" name="loginToApplication" data-provider="loginDetails" finished-at="2023-10-02T17:28:41 IST" duration-ms="331" status="PASS">
          <params>
            <param index="0">
              <value>
                <![CDATA[ineuron@ineuron.ai]]>
              </value>
            </param>
            <param index="1">
              <value>
                <![CDATA[ineuron]]>
              </value>
            </param>
          </params>
          <reporter-output>
          </reporter-output>
        </test-method> <!-- loginToApplication -->
        <test-method is-config="true" signature="closeBrowser()[pri:0, instance:testCases.LoginTest@8c3619e]" started-at="2023-10-02T17:28:42 IST" name="closeBrowser" finished-at="2023-10-02T17:28:42 IST" duration-ms="329" status="PASS">
          <reporter-output>
          </reporter-output>
        </test-method> <!-- closeBrowser -->
        <test-method is-config="true" signature="setupBrowser()[pri:0, instance:testCases.LoginTest@8c3619e]" started-at="2023-10-02T17:28:42 IST" name="setupBrowser" finished-at="2023-10-02T17:28:44 IST" duration-ms="2227" status="PASS">
          <reporter-output>
          </reporter-output>
        </test-method> <!-- setupBrowser -->
        <test-method signature="loginToApplication(java.lang.String,java.lang.String)[pri:0, instance:testCases.LoginTest@8c3619e]" started-at="2023-10-02T17:28:44 IST" name="loginToApplication" data-provider="loginDetails" finished-at="2023-10-02T17:28:44 IST" duration-ms="287" status="PASS">
          <params>
            <param index="0">
              <value>
                <![CDATA[admin@admin.com]]>
              </value>
            </param>
            <param index="1">
              <value>
                <![CDATA[admin]]>
              </value>
            </param>
          </params>
          <reporter-output>
          </reporter-output>
        </test-method> <!-- loginToApplication -->
        <test-method is-config="true" signature="closeBrowser()[pri:0, instance:testCases.LoginTest@8c3619e]" started-at="2023-10-02T17:28:45 IST" name="closeBrowser" finished-at="2023-10-02T17:28:45 IST" duration-ms="255" status="PASS">
          <reporter-output>
          </reporter-output>
        </test-method> <!-- closeBrowser -->
      </class> <!-- testCases.LoginTest -->
    </test> <!-- Test -->
  </suite> <!-- Suite -->
</testng-results>
